<?xml version="1.0" ?>
<coverage version="7.11.0" timestamp="1762528314579" lines-valid="0" lines-covered="0" line-rate="1" branches-covered="0" branches-valid="0" branch-rate="0" complexity="0">
	<!-- Generated by coverage.py: https://coverage.readthedocs.io/en/7.11.0 -->
	<!-- Based on https://raw.githubusercontent.com/cobertura/web/master/htdocs/xml/coverage-04.dtd -->
	<sources>
		<source>/Users/francosolari/PycharmProjects/nba_props/nba_predictions/backend/accounts</source>
		<source>/Users/francosolari/PycharmProjects/nba_props/nba_predictions/backend/predictions</source>
	</sources>
	<packages/>
</coverage>
